<?xml version="1.0" encoding="UTF-8"?>
<testng-results skipped="0" failed="0" ignored="0" total="1" passed="1">
  <reporter-output>
  </reporter-output>
  <suite name="Default suite" duration-ms="25795" started-at="2022-02-08T13:49:50 EST" finished-at="2022-02-08T13:50:16 EST">
    <groups>
    </groups>
    <test name="Default test" duration-ms="25795" started-at="2022-02-08T13:49:50 EST" finished-at="2022-02-08T13:50:16 EST">
      <class name="Basepackage.Testbase">
        <test-method status="PASS" signature="test()[pri:0, instance:Basepackage.Testbase@3857f613]" name="test" duration-ms="25660" started-at="2022-02-08T13:49:50 EST" finished-at="2022-02-08T13:50:16 EST">
          <reporter-output>
          </reporter-output>
        </test-method> <!-- test -->
      </class> <!-- Basepackage.Testbase -->
    </test> <!-- Default test -->
  </suite> <!-- Default suite -->
</testng-results>
